<?xml version="1.0" encoding="UTF-8"?>
<coverage generated="1725223508915" clover="3.2.0">
  <project timestamp="1725223508915" name="All files">
    <metrics statements="126" coveredstatements="124" conditionals="46" coveredconditionals="35" methods="19" coveredmethods="19" elements="191" coveredelements="178" complexity="0" loc="126" ncloc="126" packages="3" files="6" classes="6"/>
    <package name="src">
      <metrics statements="106" coveredstatements="104" conditionals="46" coveredconditionals="35" methods="16" coveredmethods="16"/>
      <file name="buildTitle.ts" path="P:\vscode\ac-banner\src\buildTitle.ts">
        <metrics statements="48" coveredstatements="47" conditionals="16" coveredconditionals="13" methods="11" coveredmethods="11"/>
        <line num="17" count="9" type="stmt"/>
        <line num="18" count="9" type="stmt"/>
        <line num="19" count="9" type="stmt"/>
        <line num="46" count="9" type="cond" truecount="0" falsecount="1"/>
        <line num="47" count="132" type="stmt"/>
        <line num="48" count="132" type="stmt"/>
        <line num="49" count="132" type="stmt"/>
        <line num="51" count="132" type="stmt"/>
        <line num="52" count="246" type="cond" truecount="1" falsecount="1"/>
        <line num="54" count="246" type="stmt"/>
        <line num="55" count="1312" type="stmt"/>
        <line num="59" count="132" type="cond" truecount="1" falsecount="0"/>
        <line num="60" count="6" type="stmt"/>
        <line num="61" count="6" type="stmt"/>
        <line num="62" count="32" type="stmt"/>
        <line num="65" count="6" type="stmt"/>
        <line num="66" count="32" type="stmt"/>
        <line num="71" count="132" type="cond" truecount="3" falsecount="0"/>
        <line num="72" count="6" type="stmt"/>
        <line num="73" count="32" type="stmt"/>
        <line num="74" count="1810" type="cond" truecount="2" falsecount="0"/>
        <line num="79" count="132" type="stmt"/>
        <line num="85" count="132" type="cond" truecount="2" falsecount="0"/>
        <line num="86" count="44" type="stmt"/>
        <line num="87" count="88" type="cond" truecount="2" falsecount="0"/>
        <line num="88" count="44" type="stmt"/>
        <line num="89" count="44" type="cond" truecount="1" falsecount="1"/>
        <line num="90" count="44" type="stmt"/>
        <line num="92" count="0" type="stmt"/>
        <line num="95" count="132" type="stmt"/>
        <line num="99" count="132" type="stmt"/>
        <line num="100" count="132" type="stmt"/>
        <line num="101" count="132" type="stmt"/>
        <line num="102" count="132" type="stmt"/>
        <line num="104" count="132" type="stmt"/>
        <line num="105" count="5280" type="stmt"/>
        <line num="106" count="5280" type="cond" truecount="1" falsecount="0"/>
        <line num="107" count="5016" type="stmt"/>
        <line num="108" count="5016" type="stmt"/>
        <line num="111" count="132" type="stmt"/>
        <line num="113" count="132" type="stmt"/>
        <line num="114" count="704" type="stmt"/>
        <line num="115" count="704" type="stmt"/>
        <line num="116" count="704" type="stmt"/>
        <line num="117" count="26752" type="stmt"/>
        <line num="118" count="26752" type="stmt"/>
        <line num="122" count="132" type="stmt"/>
        <line num="123" count="132" type="stmt"/>
      </file>
      <file name="index.ts" path="P:\vscode\ac-banner\src\index.ts">
        <metrics statements="58" coveredstatements="57" conditionals="30" coveredconditionals="22" methods="5" coveredmethods="5"/>
        <line num="17" count="9" type="stmt"/>
        <line num="19" count="9" type="stmt"/>
        <line num="30" count="9" type="stmt"/>
        <line num="47" count="9" type="stmt"/>
        <line num="48" count="132" type="stmt"/>
        <line num="49" count="132" type="stmt"/>
        <line num="50" count="132" type="stmt"/>
        <line num="51" count="132" type="stmt"/>
        <line num="52" count="132" type="stmt"/>
        <line num="53" count="132" type="cond" truecount="1" falsecount="1"/>
        <line num="54" count="132" type="stmt"/>
        <line num="55" count="132" type="cond" truecount="6" falsecount="0"/>
        <line num="57" count="132" type="cond" truecount="2" falsecount="0"/>
        <line num="58" count="88" type="stmt"/>
        <line num="59" count="88" type="stmt"/>
        <line num="60" count="88" type="stmt"/>
        <line num="61" count="88" type="stmt"/>
        <line num="62" count="88" type="stmt"/>
        <line num="64" count="44" type="stmt"/>
        <line num="65" count="44" type="stmt"/>
        <line num="66" count="44" type="stmt"/>
        <line num="67" count="44" type="stmt"/>
        <line num="68" count="44" type="stmt"/>
        <line num="69" count="44" type="stmt"/>
        <line num="71" count="132" type="cond" truecount="1" falsecount="0"/>
        <line num="72" count="6" type="stmt"/>
        <line num="73" count="32" type="stmt"/>
        <line num="76" count="6" type="stmt"/>
        <line num="77" count="6" type="stmt"/>
        <line num="78" count="6" type="stmt"/>
        <line num="79" count="6" type="stmt"/>
        <line num="81" count="6" type="stmt"/>
        <line num="82" count="6" type="stmt"/>
        <line num="85" count="132" type="cond" truecount="1" falsecount="0"/>
        <line num="86" count="3" type="stmt"/>
        <line num="88" count="132" type="cond" truecount="1" falsecount="0"/>
        <line num="89" count="3" type="stmt"/>
        <line num="91" count="132" type="cond" truecount="1" falsecount="0"/>
        <line num="92" count="3" type="stmt"/>
        <line num="111" count="132" type="stmt"/>
        <line num="117" count="132" type="cond" truecount="1" falsecount="1"/>
        <line num="118" count="132" type="stmt"/>
        <line num="120" count="0" type="stmt"/>
        <line num="132" count="132" type="cond" truecount="1" falsecount="0"/>
        <line num="133" count="12" type="stmt"/>
        <line num="134" count="12" type="stmt"/>
        <line num="135" count="48" type="stmt"/>
        <line num="139" count="132" type="stmt"/>
        <line num="143" count="132" type="cond" truecount="2" falsecount="0"/>
        <line num="144" count="2" type="stmt"/>
        <line num="146" count="130" type="stmt"/>
        <line num="149" count="132" type="cond" truecount="1" falsecount="0"/>
        <line num="150" count="131" type="cond" truecount="2" falsecount="0"/>
        <line num="151" count="6" type="cond" truecount="2" falsecount="0"/>
        <line num="152" count="4" type="stmt"/>
        <line num="168" count="2" type="stmt"/>
        <line num="186" count="125" type="stmt"/>
        <line num="190" count="132" type="stmt"/>
      </file>
    </package>
    <package name="src.font">
      <metrics statements="6" coveredstatements="6" conditionals="0" coveredconditionals="0" methods="3" coveredmethods="3"/>
      <file name="alphabet.ts" path="P:\vscode\ac-banner\src\font\alphabet.ts">
        <metrics statements="2" coveredstatements="2" conditionals="0" coveredconditionals="0" methods="1" coveredmethods="1"/>
        <line num="17" count="9" type="stmt"/>
        <line num="18" count="44" type="stmt"/>
      </file>
      <file name="ansiWithShadow.ts" path="P:\vscode\ac-banner\src\font\ansiWithShadow.ts">
        <metrics statements="2" coveredstatements="2" conditionals="0" coveredconditionals="0" methods="1" coveredmethods="1"/>
        <line num="17" count="9" type="stmt"/>
        <line num="18" count="44" type="stmt"/>
      </file>
      <file name="bar.ts" path="P:\vscode\ac-banner\src\font\bar.ts">
        <metrics statements="2" coveredstatements="2" conditionals="0" coveredconditionals="0" methods="1" coveredmethods="1"/>
        <line num="17" count="9" type="stmt"/>
        <line num="18" count="44" type="stmt"/>
      </file>
    </package>
    <package name="tests">
      <metrics statements="14" coveredstatements="14" conditionals="0" coveredconditionals="0" methods="0" coveredmethods="0"/>
      <file name="data.ts" path="P:\vscode\ac-banner\tests\data.ts">
        <metrics statements="14" coveredstatements="14" conditionals="0" coveredconditionals="0" methods="0" coveredmethods="0"/>
        <line num="17" count="9" type="stmt"/>
        <line num="19" count="9" type="stmt"/>
        <line num="20" count="9" type="stmt"/>
        <line num="21" count="9" type="stmt"/>
        <line num="22" count="9" type="stmt"/>
        <line num="23" count="9" type="stmt"/>
        <line num="26" count="9" type="stmt"/>
        <line num="27" count="9" type="stmt"/>
        <line num="28" count="9" type="stmt"/>
        <line num="29" count="9" type="stmt"/>
        <line num="30" count="9" type="stmt"/>
        <line num="31" count="9" type="stmt"/>
        <line num="32" count="9" type="stmt"/>
        <line num="33" count="9" type="stmt"/>
      </file>
    </package>
  </project>
</coverage>
