{"P:\\vscode\\ac-banner\\src\\buildTitle.ts": {"path":"P:\\vscode\\ac-banner\\src\\buildTitle.ts","statementMap":{"0":{"start":{"line":47,"column":0},"end":{"line":47,"column":16}},"1":{"start":{"line":17,"column":0},"end":{"line":17,"column":43}},"2":{"start":{"line":18,"column":0},"end":{"line":18,"column":55}},"3":{"start":{"line":19,"column":0},"end":{"line":19,"column":33}},"4":{"start":{"line":20,"column":0},"end":{"line":20,"column":46}},"5":{"start":{"line":48,"column":43},"end":{"line":48,"column":64}},"6":{"start":{"line":49,"column":26},"end":{"line":49,"column":88}},"7":{"start":{"line":50,"column":34},"end":{"line":50,"column":35}},"8":{"start":{"line":52,"column":4},"end":{"line":52,"column":61}},"9":{"start":{"line":54,"column":4},"end":{"line":79,"column":5}},"10":{"start":{"line":54,"column":21},"end":{"line":54,"column":22}},"11":{"start":{"line":55,"column":31},"end":{"line":55,"column":65}},"12":{"start":{"line":56,"column":32},"end":{"line":56,"column":46}},"13":{"start":{"line":57,"column":32},"end":{"line":57,"column":34}},"14":{"start":{"line":59,"column":8},"end":{"line":73,"column":9}},"15":{"start":{"line":60,"column":12},"end":{"line":64,"column":13}},"16":{"start":{"line":61,"column":16},"end":{"line":61,"column":37}},"17":{"start":{"line":62,"column":19},"end":{"line":64,"column":13}},"18":{"start":{"line":63,"column":16},"end":{"line":63,"column":36}},"19":{"start":{"line":66,"column":42},"end":{"line":66,"column":84}},"20":{"start":{"line":68,"column":12},"end":{"line":68,"column":54}},"21":{"start":{"line":69,"column":12},"end":{"line":69,"column":54}},"22":{"start":{"line":71,"column":12},"end":{"line":71,"column":28}},"23":{"start":{"line":72,"column":12},"end":{"line":72,"column":30}},"24":{"start":{"line":75,"column":8},"end":{"line":77,"column":11}},"25":{"start":{"line":76,"column":12},"end":{"line":76,"column":70}},"26":{"start":{"line":81,"column":4},"end":{"line":91,"column":5}},"27":{"start":{"line":82,"column":28},"end":{"line":82,"column":60}},"28":{"start":{"line":83,"column":8},"end":{"line":85,"column":11}},"29":{"start":{"line":84,"column":12},"end":{"line":84,"column":62}},"30":{"start":{"line":87,"column":8},"end":{"line":89,"column":11}},"31":{"start":{"line":88,"column":12},"end":{"line":88,"column":74}},"32":{"start":{"line":93,"column":4},"end":{"line":99,"column":5}},"33":{"start":{"line":94,"column":8},"end":{"line":98,"column":11}},"34":{"start":{"line":95,"column":12},"end":{"line":97,"column":15}},"35":{"start":{"line":96,"column":16},"end":{"line":96,"column":65}},"36":{"start":{"line":101,"column":4},"end":{"line":101,"column":17}},"37":{"start":{"line":107,"column":4},"end":{"line":115,"column":5}},"38":{"start":{"line":108,"column":8},"end":{"line":108,"column":40}},"39":{"start":{"line":109,"column":11},"end":{"line":115,"column":5}},"40":{"start":{"line":110,"column":8},"end":{"line":110,"column":46}},"41":{"start":{"line":111,"column":11},"end":{"line":115,"column":5}},"42":{"start":{"line":112,"column":8},"end":{"line":112,"column":35}},"43":{"start":{"line":114,"column":8},"end":{"line":114,"column":99}},"44":{"start":{"line":117,"column":4},"end":{"line":117,"column":16}},"45":{"start":{"line":121,"column":26},"end":{"line":121,"column":67}},"46":{"start":{"line":122,"column":28},"end":{"line":122,"column":30}},"47":{"start":{"line":123,"column":43},"end":{"line":123,"column":45}},"48":{"start":{"line":124,"column":29},"end":{"line":124,"column":30}},"49":{"start":{"line":126,"column":4},"end":{"line":132,"column":7}},"50":{"start":{"line":127,"column":8},"end":{"line":127,"column":27}},"51":{"start":{"line":128,"column":8},"end":{"line":131,"column":9}},"52":{"start":{"line":129,"column":12},"end":{"line":129,"column":38}},"53":{"start":{"line":130,"column":12},"end":{"line":130,"column":64}},"54":{"start":{"line":133,"column":4},"end":{"line":133,"column":41}},"55":{"start":{"line":135,"column":4},"end":{"line":142,"column":7}},"56":{"start":{"line":136,"column":30},"end":{"line":136,"column":45}},"57":{"start":{"line":137,"column":8},"end":{"line":137,"column":59}},"58":{"start":{"line":138,"column":8},"end":{"line":141,"column":11}},"59":{"start":{"line":139,"column":12},"end":{"line":139,"column":50}},"60":{"start":{"line":140,"column":12},"end":{"line":140,"column":72}},"61":{"start":{"line":144,"column":4},"end":{"line":144,"column":71}},"62":{"start":{"line":145,"column":4},"end":{"line":145,"column":18}}},"fnMap":{"0":{"name":"buildTitle","decl":{"start":{"line":47,"column":16},"end":{"line":47,"column":26}},"loc":{"start":{"line":47,"column":74},"end":{"line":102,"column":1}}},"1":{"name":"(anonymous_1)","decl":{"start":{"line":75,"column":21},"end":{"line":75,"column":22}},"loc":{"start":{"line":75,"column":53},"end":{"line":77,"column":9}}},"2":{"name":"(anonymous_2)","decl":{"start":{"line":83,"column":20},"end":{"line":83,"column":21}},"loc":{"start":{"line":83,"column":52},"end":{"line":85,"column":9}}},"3":{"name":"(anonymous_3)","decl":{"start":{"line":87,"column":26},"end":{"line":87,"column":27}},"loc":{"start":{"line":87,"column":58},"end":{"line":89,"column":9}}},"4":{"name":"(anonymous_4)","decl":{"start":{"line":94,"column":26},"end":{"line":94,"column":27}},"loc":{"start":{"line":94,"column":43},"end":{"line":98,"column":9}}},"5":{"name":"(anonymous_5)","decl":{"start":{"line":95,"column":47},"end":{"line":95,"column":48}},"loc":{"start":{"line":95,"column":65},"end":{"line":97,"column":13}}},"6":{"name":"getFont","decl":{"start":{"line":104,"column":9},"end":{"line":104,"column":16}},"loc":{"start":{"line":104,"column":33},"end":{"line":118,"column":1}}},"7":{"name":"buildFont","decl":{"start":{"line":120,"column":9},"end":{"line":120,"column":18}},"loc":{"start":{"line":120,"column":51},"end":{"line":146,"column":1}}},"8":{"name":"(anonymous_8)","decl":{"start":{"line":126,"column":32},"end":{"line":126,"column":33}},"loc":{"start":{"line":126,"column":64},"end":{"line":132,"column":5}}},"9":{"name":"(anonymous_9)","decl":{"start":{"line":135,"column":18},"end":{"line":135,"column":19}},"loc":{"start":{"line":135,"column":34},"end":{"line":142,"column":5}}},"10":{"name":"(anonymous_10)","decl":{"start":{"line":138,"column":24},"end":{"line":138,"column":25}},"loc":{"start":{"line":138,"column":59},"end":{"line":141,"column":9}}}},"branchMap":{"0":{"loc":{"start":{"line":47,"column":42},"end":{"line":47,"column":74}},"type":"default-arg","locations":[{"start":{"line":47,"column":72},"end":{"line":47,"column":74}}]},"1":{"loc":{"start":{"line":49,"column":56},"end":{"line":49,"column":77}},"type":"cond-expr","locations":[{"start":{"line":49,"column":72},"end":{"line":49,"column":73}},{"start":{"line":49,"column":76},"end":{"line":49,"column":77}}]},"2":{"loc":{"start":{"line":52,"column":35},"end":{"line":52,"column":59}},"type":"cond-expr","locations":[{"start":{"line":52,"column":51},"end":{"line":52,"column":54}},{"start":{"line":52,"column":57},"end":{"line":52,"column":59}}]},"3":{"loc":{"start":{"line":55,"column":31},"end":{"line":55,"column":65}},"type":"binary-expr","locations":[{"start":{"line":55,"column":31},"end":{"line":55,"column":52}},{"start":{"line":55,"column":56},"end":{"line":55,"column":65}}]},"4":{"loc":{"start":{"line":59,"column":8},"end":{"line":73,"column":9}},"type":"if","locations":[{"start":{"line":59,"column":8},"end":{"line":73,"column":9}}]},"5":{"loc":{"start":{"line":60,"column":12},"end":{"line":64,"column":13}},"type":"if","locations":[{"start":{"line":60,"column":12},"end":{"line":64,"column":13}},{"start":{"line":62,"column":19},"end":{"line":64,"column":13}}]},"6":{"loc":{"start":{"line":62,"column":19},"end":{"line":64,"column":13}},"type":"if","locations":[{"start":{"line":62,"column":19},"end":{"line":64,"column":13}}]},"7":{"loc":{"start":{"line":81,"column":4},"end":{"line":91,"column":5}},"type":"if","locations":[{"start":{"line":81,"column":4},"end":{"line":91,"column":5}}]},"8":{"loc":{"start":{"line":93,"column":4},"end":{"line":99,"column":5}},"type":"if","locations":[{"start":{"line":93,"column":4},"end":{"line":99,"column":5}}]},"9":{"loc":{"start":{"line":93,"column":8},"end":{"line":93,"column":58}},"type":"binary-expr","locations":[{"start":{"line":93,"column":8},"end":{"line":93,"column":26}},{"start":{"line":93,"column":31},"end":{"line":93,"column":57}}]},"10":{"loc":{"start":{"line":96,"column":23},"end":{"line":96,"column":64}},"type":"cond-expr","locations":[{"start":{"line":96,"column":38},"end":{"line":96,"column":56}},{"start":{"line":96,"column":59},"end":{"line":96,"column":64}}]},"11":{"loc":{"start":{"line":107,"column":4},"end":{"line":115,"column":5}},"type":"if","locations":[{"start":{"line":107,"column":4},"end":{"line":115,"column":5}},{"start":{"line":109,"column":11},"end":{"line":115,"column":5}}]},"12":{"loc":{"start":{"line":109,"column":11},"end":{"line":115,"column":5}},"type":"if","locations":[{"start":{"line":109,"column":11},"end":{"line":115,"column":5}},{"start":{"line":111,"column":11},"end":{"line":115,"column":5}}]},"13":{"loc":{"start":{"line":111,"column":11},"end":{"line":115,"column":5}},"type":"if","locations":[{"start":{"line":111,"column":11},"end":{"line":115,"column":5}},{"start":{"line":113,"column":11},"end":{"line":115,"column":5}}]},"14":{"loc":{"start":{"line":128,"column":8},"end":{"line":131,"column":9}},"type":"if","locations":[{"start":{"line":128,"column":8},"end":{"line":131,"column":9}}]}},"s":{"0":1,"1":1,"2":1,"3":1,"4":1,"5":78,"6":78,"7":78,"8":78,"9":78,"10":78,"11":78,"12":78,"13":78,"14":78,"15":0,"16":0,"17":0,"18":0,"19":0,"20":0,"21":0,"22":0,"23":0,"24":78,"25":416,"26":78,"27":0,"28":0,"29":0,"30":0,"31":0,"32":78,"33":0,"34":0,"35":0,"36":78,"37":78,"38":26,"39":52,"40":26,"41":26,"42":26,"43":0,"44":78,"45":78,"46":78,"47":78,"48":78,"49":78,"50":3120,"51":3120,"52":2964,"53":2964,"54":78,"55":78,"56":416,"57":416,"58":416,"59":15808,"60":15808,"61":78,"62":78},"f":{"0":78,"1":416,"2":0,"3":0,"4":0,"5":0,"6":78,"7":78,"8":3120,"9":416,"10":15808},"b":{"0":[0],"1":[0,78],"2":[0,78],"3":[78,0],"4":[0],"5":[0,0],"6":[0],"7":[0],"8":[0],"9":[78,78],"10":[0,0],"11":[26,52],"12":[26,26],"13":[26,0],"14":[2964]}}
,"P:\\vscode\\ac-banner\\src\\index.ts": {"path":"P:\\vscode\\ac-banner\\src\\index.ts","statementMap":{"0":{"start":{"line":47,"column":0},"end":{"line":47,"column":16}},"1":{"start":{"line":17,"column":0},"end":{"line":17,"column":77}},"2":{"start":{"line":19,"column":0},"end":{"line":19,"column":13}},"3":{"start":{"line":30,"column":43},"end":{"line":37,"column":null}},"4":{"start":{"line":48,"column":34},"end":{"line":48,"column":53}},"5":{"start":{"line":49,"column":38},"end":{"line":49,"column":64}},"6":{"start":{"line":50,"column":31},"end":{"line":50,"column":61}},"7":{"start":{"line":51,"column":31},"end":{"line":51,"column":57}},"8":{"start":{"line":52,"column":26},"end":{"line":52,"column":46}},"9":{"start":{"line":53,"column":27},"end":{"line":53,"column":53}},"10":{"start":{"line":54,"column":24},"end":{"line":54,"column":26}},"11":{"start":{"line":55,"column":25},"end":{"line":55,"column":46}},"12":{"start":{"line":56,"column":27},"end":{"line":56,"column":44}},"13":{"start":{"line":58,"column":2},"end":{"line":71,"column":3}},"14":{"start":{"line":59,"column":4},"end":{"line":59,"column":95}},"15":{"start":{"line":60,"column":4},"end":{"line":60,"column":91}},"16":{"start":{"line":61,"column":4},"end":{"line":61,"column":75}},"17":{"start":{"line":62,"column":4},"end":{"line":62,"column":94}},"18":{"start":{"line":63,"column":4},"end":{"line":63,"column":95}},"19":{"start":{"line":65,"column":4},"end":{"line":65,"column":95}},"20":{"start":{"line":66,"column":4},"end":{"line":66,"column":91}},"21":{"start":{"line":67,"column":4},"end":{"line":67,"column":75}},"22":{"start":{"line":68,"column":4},"end":{"line":68,"column":75}},"23":{"start":{"line":69,"column":4},"end":{"line":69,"column":94}},"24":{"start":{"line":70,"column":4},"end":{"line":70,"column":95}},"25":{"start":{"line":73,"column":2},"end":{"line":76,"column":3}},"26":{"start":{"line":74,"column":4},"end":{"line":74,"column":41}},"27":{"start":{"line":75,"column":4},"end":{"line":75,"column":42}},"28":{"start":{"line":77,"column":2},"end":{"line":89,"column":3}},"29":{"start":{"line":78,"column":4},"end":{"line":80,"column":7}},"30":{"start":{"line":79,"column":6},"end":{"line":79,"column":50}},"31":{"start":{"line":82,"column":4},"end":{"line":82,"column":16}},"32":{"start":{"line":83,"column":4},"end":{"line":83,"column":17}},"33":{"start":{"line":84,"column":24},"end":{"line":84,"column":143}},"34":{"start":{"line":85,"column":4},"end":{"line":85,"column":23}},"35":{"start":{"line":87,"column":27},"end":{"line":87,"column":156}},"36":{"start":{"line":88,"column":4},"end":{"line":88,"column":23}},"37":{"start":{"line":91,"column":2},"end":{"line":93,"column":3}},"38":{"start":{"line":92,"column":4},"end":{"line":92,"column":53}},"39":{"start":{"line":94,"column":2},"end":{"line":96,"column":3}},"40":{"start":{"line":95,"column":4},"end":{"line":95,"column":55}},"41":{"start":{"line":97,"column":2},"end":{"line":99,"column":3}},"42":{"start":{"line":98,"column":4},"end":{"line":98,"column":49}},"43":{"start":{"line":117,"column":2},"end":{"line":117,"column":15}},"44":{"start":{"line":123,"column":2},"end":{"line":136,"column":3}},"45":{"start":{"line":124,"column":4},"end":{"line":124,"column":22}},"46":{"start":{"line":126,"column":4},"end":{"line":135,"column":6}},"47":{"start":{"line":138,"column":2},"end":{"line":143,"column":3}},"48":{"start":{"line":139,"column":4},"end":{"line":139,"column":30}},"49":{"start":{"line":140,"column":4},"end":{"line":142,"column":7}},"50":{"start":{"line":141,"column":6},"end":{"line":141,"column":116}},"51":{"start":{"line":145,"column":2},"end":{"line":145,"column":20}},"52":{"start":{"line":149,"column":2},"end":{"line":153,"column":3}},"53":{"start":{"line":150,"column":4},"end":{"line":150,"column":29}},"54":{"start":{"line":152,"column":4},"end":{"line":152,"column":48}},"55":{"start":{"line":155,"column":2},"end":{"line":194,"column":3}},"56":{"start":{"line":156,"column":4},"end":{"line":193,"column":5}},"57":{"start":{"line":157,"column":6},"end":{"line":190,"column":7}},"58":{"start":{"line":158,"column":8},"end":{"line":172,"column":null}},"59":{"start":{"line":174,"column":8},"end":{"line":188,"column":null}},"60":{"start":{"line":192,"column":6},"end":{"line":192,"column":null}},"61":{"start":{"line":196,"column":2},"end":{"line":196,"column":17}}},"fnMap":{"0":{"name":"buildBanner","decl":{"start":{"line":47,"column":16},"end":{"line":47,"column":27}},"loc":{"start":{"line":47,"column":96},"end":{"line":118,"column":1}}},"1":{"name":"(anonymous_1)","decl":{"start":{"line":78,"column":22},"end":{"line":78,"column":23}},"loc":{"start":{"line":78,"column":39},"end":{"line":80,"column":5}}},"2":{"name":"normalizeData","decl":{"start":{"line":120,"column":9},"end":{"line":120,"column":22}},"loc":{"start":{"line":120,"column":45},"end":{"line":146,"column":1}}},"3":{"name":"(anonymous_3)","decl":{"start":{"line":140,"column":68},"end":{"line":140,"column":69}},"loc":{"start":{"line":140,"column":84},"end":{"line":142,"column":5}}},"4":{"name":"normalizeOptions","decl":{"start":{"line":148,"column":9},"end":{"line":148,"column":25}},"loc":{"start":{"line":148,"column":53},"end":{"line":197,"column":1}}}},"branchMap":{"0":{"loc":{"start":{"line":53,"column":27},"end":{"line":53,"column":53}},"type":"binary-expr","locations":[{"start":{"line":53,"column":27},"end":{"line":53,"column":47}},{"start":{"line":53,"column":51},"end":{"line":53,"column":53}}]},"1":{"loc":{"start":{"line":55,"column":25},"end":{"line":55,"column":46}},"type":"binary-expr","locations":[{"start":{"line":55,"column":25},"end":{"line":55,"column":39}},{"start":{"line":55,"column":43},"end":{"line":55,"column":46}}]},"2":{"loc":{"start":{"line":55,"column":25},"end":{"line":55,"column":39}},"type":"cond-expr","locations":[{"start":{"line":55,"column":30},"end":{"line":55,"column":32}},{"start":{"line":55,"column":25},"end":{"line":55,"column":39}}]},"3":{"loc":{"start":{"line":55,"column":25},"end":{"line":55,"column":32}},"type":"binary-expr","locations":[{"start":{"line":55,"column":25},"end":{"line":55,"column":32}},{"start":{"line":55,"column":25},"end":{"line":55,"column":32}}]},"4":{"loc":{"start":{"line":58,"column":2},"end":{"line":71,"column":3}},"type":"if","locations":[{"start":{"line":58,"column":2},"end":{"line":71,"column":3}},{"start":{"line":64,"column":9},"end":{"line":71,"column":3}}]},"5":{"loc":{"start":{"line":73,"column":2},"end":{"line":76,"column":3}},"type":"if","locations":[{"start":{"line":73,"column":2},"end":{"line":76,"column":3}}]},"6":{"loc":{"start":{"line":77,"column":2},"end":{"line":89,"column":3}},"type":"if","locations":[{"start":{"line":77,"column":2},"end":{"line":89,"column":3}}]},"7":{"loc":{"start":{"line":91,"column":2},"end":{"line":93,"column":3}},"type":"if","locations":[{"start":{"line":91,"column":2},"end":{"line":93,"column":3}}]},"8":{"loc":{"start":{"line":94,"column":2},"end":{"line":96,"column":3}},"type":"if","locations":[{"start":{"line":94,"column":2},"end":{"line":96,"column":3}}]},"9":{"loc":{"start":{"line":97,"column":2},"end":{"line":99,"column":3}},"type":"if","locations":[{"start":{"line":97,"column":2},"end":{"line":99,"column":3}}]},"10":{"loc":{"start":{"line":123,"column":2},"end":{"line":136,"column":3}},"type":"if","locations":[{"start":{"line":123,"column":2},"end":{"line":136,"column":3}},{"start":{"line":125,"column":9},"end":{"line":136,"column":3}}]},"11":{"loc":{"start":{"line":132,"column":18},"end":{"line":132,"column":65}},"type":"binary-expr","locations":[{"start":{"line":132,"column":18},"end":{"line":132,"column":43}},{"start":{"line":132,"column":47},"end":{"line":132,"column":65}}]},"12":{"loc":{"start":{"line":133,"column":12},"end":{"line":133,"column":47}},"type":"binary-expr","locations":[{"start":{"line":133,"column":12},"end":{"line":133,"column":31}},{"start":{"line":133,"column":35},"end":{"line":133,"column":47}}]},"13":{"loc":{"start":{"line":134,"column":16},"end":{"line":134,"column":59}},"type":"binary-expr","locations":[{"start":{"line":134,"column":16},"end":{"line":134,"column":39}},{"start":{"line":134,"column":43},"end":{"line":134,"column":59}}]},"14":{"loc":{"start":{"line":138,"column":2},"end":{"line":143,"column":3}},"type":"if","locations":[{"start":{"line":138,"column":2},"end":{"line":143,"column":3}}]},"15":{"loc":{"start":{"line":149,"column":2},"end":{"line":153,"column":3}},"type":"if","locations":[{"start":{"line":149,"column":2},"end":{"line":153,"column":3}},{"start":{"line":151,"column":9},"end":{"line":153,"column":3}}]},"16":{"loc":{"start":{"line":155,"column":2},"end":{"line":194,"column":3}},"type":"if","locations":[{"start":{"line":155,"column":2},"end":{"line":194,"column":3}}]},"17":{"loc":{"start":{"line":156,"column":4},"end":{"line":193,"column":5}},"type":"if","locations":[{"start":{"line":156,"column":4},"end":{"line":193,"column":5}},{"start":{"line":191,"column":11},"end":{"line":193,"column":5}}]},"18":{"loc":{"start":{"line":157,"column":6},"end":{"line":190,"column":7}},"type":"if","locations":[{"start":{"line":157,"column":6},"end":{"line":190,"column":7}},{"start":{"line":173,"column":13},"end":{"line":190,"column":7}}]}},"s":{"0":1,"1":1,"2":1,"3":1,"4":78,"5":78,"6":78,"7":78,"8":78,"9":78,"10":78,"11":78,"12":78,"13":78,"14":52,"15":52,"16":52,"17":52,"18":52,"19":26,"20":26,"21":26,"22":26,"23":26,"24":26,"25":78,"26":0,"27":0,"28":78,"29":0,"30":0,"31":0,"32":0,"33":0,"34":0,"35":0,"36":0,"37":78,"38":0,"39":78,"40":0,"41":78,"42":0,"43":78,"44":78,"45":78,"46":0,"47":78,"48":1,"49":1,"50":4,"51":78,"52":78,"53":0,"54":78,"55":78,"56":78,"57":0,"58":0,"59":0,"60":78,"61":78},"f":{"0":78,"1":0,"2":78,"3":4,"4":78},"b":{"0":[78,0],"1":[78,78],"2":[78,0],"3":[78,78],"4":[52,26],"5":[0],"6":[0],"7":[0],"8":[0],"9":[0],"10":[78,0],"11":[0,0],"12":[0,0],"13":[0,0],"14":[1],"15":[0,78],"16":[78],"17":[0,78],"18":[0,0]}}
,"P:\\vscode\\ac-banner\\src\\font\\alphabet.ts": {"path":"P:\\vscode\\ac-banner\\src\\font\\alphabet.ts","statementMap":{"0":{"start":{"line":17,"column":0},"end":{"line":17,"column":16}},"1":{"start":{"line":18,"column":4},"end":{"line":25,"column":null}}},"fnMap":{"0":{"name":"alphabet","decl":{"start":{"line":17,"column":16},"end":{"line":17,"column":24}},"loc":{"start":{"line":17,"column":24},"end":{"line":26,"column":1}}}},"branchMap":{},"s":{"0":1,"1":26},"f":{"0":26},"b":{}}
,"P:\\vscode\\ac-banner\\src\\font\\ansiWithShadow.ts": {"path":"P:\\vscode\\ac-banner\\src\\font\\ansiWithShadow.ts","statementMap":{"0":{"start":{"line":17,"column":0},"end":{"line":17,"column":16}},"1":{"start":{"line":18,"column":4},"end":{"line":26,"column":2}}},"fnMap":{"0":{"name":"ansiWithShadow","decl":{"start":{"line":17,"column":16},"end":{"line":17,"column":30}},"loc":{"start":{"line":17,"column":30},"end":{"line":27,"column":1}}}},"branchMap":{},"s":{"0":1,"1":26},"f":{"0":26},"b":{}}
,"P:\\vscode\\ac-banner\\src\\font\\bar.ts": {"path":"P:\\vscode\\ac-banner\\src\\font\\bar.ts","statementMap":{"0":{"start":{"line":17,"column":0},"end":{"line":17,"column":16}},"1":{"start":{"line":18,"column":4},"end":{"line":25,"column":null}}},"fnMap":{"0":{"name":"bar","decl":{"start":{"line":17,"column":16},"end":{"line":17,"column":19}},"loc":{"start":{"line":17,"column":19},"end":{"line":26,"column":1}}}},"branchMap":{},"s":{"0":1,"1":26},"f":{"0":26},"b":{}}
,"P:\\vscode\\ac-banner\\src\\font\\train.ts": {"path":"P:\\vscode\\ac-banner\\src\\font\\train.ts","statementMap":{"0":{"start":{"line":17,"column":0},"end":{"line":17,"column":16}},"1":{"start":{"line":18,"column":32},"end":{"line":18,"column":34}},"2":{"start":{"line":19,"column":4},"end":{"line":19,"column":22}},"3":{"start":{"line":21,"column":4},"end":{"line":46,"column":5}},"4":{"start":{"line":22,"column":8},"end":{"line":25,"column":10}},"5":{"start":{"line":26,"column":11},"end":{"line":46,"column":5}},"6":{"start":{"line":27,"column":8},"end":{"line":30,"column":null}},"7":{"start":{"line":31,"column":11},"end":{"line":46,"column":5}},"8":{"start":{"line":32,"column":8},"end":{"line":35,"column":null}},"9":{"start":{"line":36,"column":11},"end":{"line":46,"column":5}},"10":{"start":{"line":37,"column":8},"end":{"line":40,"column":null}},"11":{"start":{"line":41,"column":11},"end":{"line":46,"column":5}},"12":{"start":{"line":42,"column":8},"end":{"line":45,"column":null}},"13":{"start":{"line":48,"column":4},"end":{"line":48,"column":23}}},"fnMap":{"0":{"name":"getComposition","decl":{"start":{"line":17,"column":16},"end":{"line":17,"column":30}},"loc":{"start":{"line":17,"column":58},"end":{"line":49,"column":1}}}},"branchMap":{"0":{"loc":{"start":{"line":21,"column":4},"end":{"line":46,"column":5}},"type":"if","locations":[{"start":{"line":21,"column":4},"end":{"line":46,"column":5}},{"start":{"line":26,"column":11},"end":{"line":46,"column":5}}]},"1":{"loc":{"start":{"line":26,"column":11},"end":{"line":46,"column":5}},"type":"if","locations":[{"start":{"line":26,"column":11},"end":{"line":46,"column":5}},{"start":{"line":31,"column":11},"end":{"line":46,"column":5}}]},"2":{"loc":{"start":{"line":31,"column":11},"end":{"line":46,"column":5}},"type":"if","locations":[{"start":{"line":31,"column":11},"end":{"line":46,"column":5}},{"start":{"line":36,"column":11},"end":{"line":46,"column":5}}]},"3":{"loc":{"start":{"line":36,"column":11},"end":{"line":46,"column":5}},"type":"if","locations":[{"start":{"line":36,"column":11},"end":{"line":46,"column":5}},{"start":{"line":41,"column":11},"end":{"line":46,"column":5}}]},"4":{"loc":{"start":{"line":41,"column":11},"end":{"line":46,"column":5}},"type":"if","locations":[{"start":{"line":41,"column":11},"end":{"line":46,"column":5}}]}},"s":{"0":1,"1":0,"2":0,"3":0,"4":0,"5":0,"6":0,"7":0,"8":0,"9":0,"10":0,"11":0,"12":0,"13":0},"f":{"0":0},"b":{"0":[0,0],"1":[0,0],"2":[0,0],"3":[0,0],"4":[0]}}
,"P:\\vscode\\ac-banner\\tests\\data.ts": {"path":"P:\\vscode\\ac-banner\\tests\\data.ts","statementMap":{"0":{"start":{"line":17,"column":0},"end":{"line":17,"column":37}},"1":{"start":{"line":19,"column":13},"end":{"line":19,"column":58}},"2":{"start":{"line":20,"column":0},"end":{"line":20,"column":38}},"3":{"start":{"line":21,"column":0},"end":{"line":21,"column":30}},"4":{"start":{"line":22,"column":0},"end":{"line":22,"column":40}},"5":{"start":{"line":23,"column":0},"end":{"line":23,"column":45}},"6":{"start":{"line":26,"column":13},"end":{"line":26,"column":65}},"7":{"start":{"line":27,"column":0},"end":{"line":27,"column":45}},"8":{"start":{"line":28,"column":0},"end":{"line":28,"column":37}},"9":{"start":{"line":29,"column":0},"end":{"line":29,"column":47}},"10":{"start":{"line":30,"column":0},"end":{"line":30,"column":52}},"11":{"start":{"line":31,"column":0},"end":{"line":31,"column":71}},"12":{"start":{"line":32,"column":0},"end":{"line":32,"column":72}},"13":{"start":{"line":33,"column":0},"end":{"line":33,"column":69}}},"fnMap":{},"branchMap":{},"s":{"0":1,"1":1,"2":1,"3":1,"4":1,"5":1,"6":1,"7":1,"8":1,"9":1,"10":1,"11":1,"12":1,"13":1},"f":{},"b":{}}
}
