{"P:\\vscode\\ac-banner\\src\\buildTitle.ts": {"path":"P:\\vscode\\ac-banner\\src\\buildTitle.ts","statementMap":{"0":{"start":{"line":46,"column":0},"end":{"line":46,"column":16}},"1":{"start":{"line":17,"column":0},"end":{"line":17,"column":43}},"2":{"start":{"line":18,"column":0},"end":{"line":18,"column":55}},"3":{"start":{"line":19,"column":0},"end":{"line":19,"column":33}},"4":{"start":{"line":47,"column":43},"end":{"line":47,"column":64}},"5":{"start":{"line":48,"column":26},"end":{"line":48,"column":62}},"6":{"start":{"line":49,"column":4},"end":{"line":49,"column":32}},"7":{"start":{"line":51,"column":4},"end":{"line":57,"column":5}},"8":{"start":{"line":51,"column":21},"end":{"line":51,"column":22}},"9":{"start":{"line":52,"column":31},"end":{"line":52,"column":65}},"10":{"start":{"line":54,"column":8},"end":{"line":56,"column":11}},"11":{"start":{"line":55,"column":12},"end":{"line":55,"column":55}},"12":{"start":{"line":59,"column":4},"end":{"line":69,"column":5}},"13":{"start":{"line":60,"column":28},"end":{"line":60,"column":60}},"14":{"start":{"line":61,"column":8},"end":{"line":63,"column":11}},"15":{"start":{"line":62,"column":12},"end":{"line":62,"column":62}},"16":{"start":{"line":65,"column":8},"end":{"line":67,"column":11}},"17":{"start":{"line":66,"column":12},"end":{"line":66,"column":74}},"18":{"start":{"line":71,"column":4},"end":{"line":77,"column":5}},"19":{"start":{"line":72,"column":8},"end":{"line":76,"column":11}},"20":{"start":{"line":73,"column":12},"end":{"line":75,"column":15}},"21":{"start":{"line":74,"column":16},"end":{"line":74,"column":65}},"22":{"start":{"line":79,"column":4},"end":{"line":79,"column":17}},"23":{"start":{"line":85,"column":4},"end":{"line":93,"column":5}},"24":{"start":{"line":86,"column":8},"end":{"line":86,"column":40}},"25":{"start":{"line":87,"column":11},"end":{"line":93,"column":5}},"26":{"start":{"line":88,"column":8},"end":{"line":88,"column":46}},"27":{"start":{"line":89,"column":11},"end":{"line":93,"column":5}},"28":{"start":{"line":90,"column":8},"end":{"line":90,"column":35}},"29":{"start":{"line":92,"column":8},"end":{"line":92,"column":99}},"30":{"start":{"line":95,"column":4},"end":{"line":95,"column":16}},"31":{"start":{"line":99,"column":26},"end":{"line":99,"column":67}},"32":{"start":{"line":100,"column":28},"end":{"line":100,"column":30}},"33":{"start":{"line":101,"column":43},"end":{"line":101,"column":45}},"34":{"start":{"line":102,"column":29},"end":{"line":102,"column":30}},"35":{"start":{"line":104,"column":4},"end":{"line":110,"column":7}},"36":{"start":{"line":105,"column":8},"end":{"line":105,"column":27}},"37":{"start":{"line":106,"column":8},"end":{"line":109,"column":9}},"38":{"start":{"line":107,"column":12},"end":{"line":107,"column":38}},"39":{"start":{"line":108,"column":12},"end":{"line":108,"column":64}},"40":{"start":{"line":111,"column":4},"end":{"line":111,"column":41}},"41":{"start":{"line":113,"column":4},"end":{"line":120,"column":7}},"42":{"start":{"line":114,"column":30},"end":{"line":114,"column":45}},"43":{"start":{"line":115,"column":8},"end":{"line":115,"column":59}},"44":{"start":{"line":116,"column":8},"end":{"line":119,"column":11}},"45":{"start":{"line":117,"column":12},"end":{"line":117,"column":50}},"46":{"start":{"line":118,"column":12},"end":{"line":118,"column":72}},"47":{"start":{"line":122,"column":4},"end":{"line":122,"column":71}},"48":{"start":{"line":123,"column":4},"end":{"line":123,"column":18}}},"fnMap":{"0":{"name":"buildTitle","decl":{"start":{"line":46,"column":16},"end":{"line":46,"column":26}},"loc":{"start":{"line":46,"column":74},"end":{"line":80,"column":1}}},"1":{"name":"(anonymous_1)","decl":{"start":{"line":54,"column":21},"end":{"line":54,"column":22}},"loc":{"start":{"line":54,"column":53},"end":{"line":56,"column":9}}},"2":{"name":"(anonymous_2)","decl":{"start":{"line":61,"column":20},"end":{"line":61,"column":21}},"loc":{"start":{"line":61,"column":52},"end":{"line":63,"column":9}}},"3":{"name":"(anonymous_3)","decl":{"start":{"line":65,"column":26},"end":{"line":65,"column":27}},"loc":{"start":{"line":65,"column":58},"end":{"line":67,"column":9}}},"4":{"name":"(anonymous_4)","decl":{"start":{"line":72,"column":26},"end":{"line":72,"column":27}},"loc":{"start":{"line":72,"column":43},"end":{"line":76,"column":9}}},"5":{"name":"(anonymous_5)","decl":{"start":{"line":73,"column":47},"end":{"line":73,"column":48}},"loc":{"start":{"line":73,"column":65},"end":{"line":75,"column":13}}},"6":{"name":"getFont","decl":{"start":{"line":82,"column":9},"end":{"line":82,"column":16}},"loc":{"start":{"line":82,"column":33},"end":{"line":96,"column":1}}},"7":{"name":"buildFont","decl":{"start":{"line":98,"column":9},"end":{"line":98,"column":18}},"loc":{"start":{"line":98,"column":51},"end":{"line":124,"column":1}}},"8":{"name":"(anonymous_8)","decl":{"start":{"line":104,"column":32},"end":{"line":104,"column":33}},"loc":{"start":{"line":104,"column":64},"end":{"line":110,"column":5}}},"9":{"name":"(anonymous_9)","decl":{"start":{"line":113,"column":18},"end":{"line":113,"column":19}},"loc":{"start":{"line":113,"column":34},"end":{"line":120,"column":5}}},"10":{"name":"(anonymous_10)","decl":{"start":{"line":116,"column":24},"end":{"line":116,"column":25}},"loc":{"start":{"line":116,"column":59},"end":{"line":119,"column":9}}}},"branchMap":{"0":{"loc":{"start":{"line":46,"column":42},"end":{"line":46,"column":74}},"type":"default-arg","locations":[{"start":{"line":46,"column":72},"end":{"line":46,"column":74}}]},"1":{"loc":{"start":{"line":52,"column":31},"end":{"line":52,"column":65}},"type":"binary-expr","locations":[{"start":{"line":52,"column":31},"end":{"line":52,"column":52}},{"start":{"line":52,"column":56},"end":{"line":52,"column":65}}]},"2":{"loc":{"start":{"line":59,"column":4},"end":{"line":69,"column":5}},"type":"if","locations":[{"start":{"line":59,"column":4},"end":{"line":69,"column":5}}]},"3":{"loc":{"start":{"line":71,"column":4},"end":{"line":77,"column":5}},"type":"if","locations":[{"start":{"line":71,"column":4},"end":{"line":77,"column":5}}]},"4":{"loc":{"start":{"line":71,"column":8},"end":{"line":71,"column":58}},"type":"binary-expr","locations":[{"start":{"line":71,"column":8},"end":{"line":71,"column":26}},{"start":{"line":71,"column":31},"end":{"line":71,"column":57}}]},"5":{"loc":{"start":{"line":74,"column":23},"end":{"line":74,"column":64}},"type":"cond-expr","locations":[{"start":{"line":74,"column":38},"end":{"line":74,"column":56}},{"start":{"line":74,"column":59},"end":{"line":74,"column":64}}]},"6":{"loc":{"start":{"line":85,"column":4},"end":{"line":93,"column":5}},"type":"if","locations":[{"start":{"line":85,"column":4},"end":{"line":93,"column":5}},{"start":{"line":87,"column":11},"end":{"line":93,"column":5}}]},"7":{"loc":{"start":{"line":87,"column":11},"end":{"line":93,"column":5}},"type":"if","locations":[{"start":{"line":87,"column":11},"end":{"line":93,"column":5}},{"start":{"line":89,"column":11},"end":{"line":93,"column":5}}]},"8":{"loc":{"start":{"line":89,"column":11},"end":{"line":93,"column":5}},"type":"if","locations":[{"start":{"line":89,"column":11},"end":{"line":93,"column":5}},{"start":{"line":91,"column":11},"end":{"line":93,"column":5}}]},"9":{"loc":{"start":{"line":106,"column":8},"end":{"line":109,"column":9}},"type":"if","locations":[{"start":{"line":106,"column":8},"end":{"line":109,"column":9}}]}},"s":{"0":9,"1":9,"2":9,"3":9,"4":132,"5":132,"6":132,"7":132,"8":132,"9":246,"10":246,"11":1312,"12":132,"13":6,"14":6,"15":32,"16":6,"17":32,"18":132,"19":6,"20":32,"21":1810,"22":132,"23":132,"24":44,"25":88,"26":44,"27":44,"28":44,"29":0,"30":132,"31":132,"32":132,"33":132,"34":132,"35":132,"36":5280,"37":5280,"38":5016,"39":5016,"40":132,"41":132,"42":704,"43":704,"44":704,"45":26752,"46":26752,"47":132,"48":132},"f":{"0":132,"1":1312,"2":32,"3":32,"4":32,"5":1810,"6":132,"7":132,"8":5280,"9":704,"10":26752},"b":{"0":[0],"1":[246,0],"2":[6],"3":[6],"4":[132,132],"5":[1202,608],"6":[44,88],"7":[44,44],"8":[44,0],"9":[5016]}}
,"P:\\vscode\\ac-banner\\src\\index.ts": {"path":"P:\\vscode\\ac-banner\\src\\index.ts","statementMap":{"0":{"start":{"line":47,"column":0},"end":{"line":47,"column":16}},"1":{"start":{"line":17,"column":0},"end":{"line":17,"column":77}},"2":{"start":{"line":19,"column":0},"end":{"line":19,"column":13}},"3":{"start":{"line":30,"column":43},"end":{"line":37,"column":null}},"4":{"start":{"line":48,"column":34},"end":{"line":48,"column":53}},"5":{"start":{"line":49,"column":38},"end":{"line":49,"column":64}},"6":{"start":{"line":50,"column":31},"end":{"line":50,"column":61}},"7":{"start":{"line":51,"column":31},"end":{"line":51,"column":57}},"8":{"start":{"line":52,"column":26},"end":{"line":52,"column":46}},"9":{"start":{"line":53,"column":27},"end":{"line":53,"column":53}},"10":{"start":{"line":54,"column":24},"end":{"line":54,"column":26}},"11":{"start":{"line":55,"column":25},"end":{"line":55,"column":46}},"12":{"start":{"line":57,"column":2},"end":{"line":70,"column":3}},"13":{"start":{"line":58,"column":4},"end":{"line":58,"column":95}},"14":{"start":{"line":59,"column":4},"end":{"line":59,"column":91}},"15":{"start":{"line":60,"column":4},"end":{"line":60,"column":75}},"16":{"start":{"line":61,"column":4},"end":{"line":61,"column":94}},"17":{"start":{"line":62,"column":4},"end":{"line":62,"column":95}},"18":{"start":{"line":64,"column":4},"end":{"line":64,"column":95}},"19":{"start":{"line":65,"column":4},"end":{"line":65,"column":91}},"20":{"start":{"line":66,"column":4},"end":{"line":66,"column":75}},"21":{"start":{"line":67,"column":4},"end":{"line":67,"column":75}},"22":{"start":{"line":68,"column":4},"end":{"line":68,"column":94}},"23":{"start":{"line":69,"column":4},"end":{"line":69,"column":95}},"24":{"start":{"line":71,"column":2},"end":{"line":83,"column":3}},"25":{"start":{"line":72,"column":4},"end":{"line":74,"column":7}},"26":{"start":{"line":73,"column":6},"end":{"line":73,"column":50}},"27":{"start":{"line":76,"column":4},"end":{"line":76,"column":16}},"28":{"start":{"line":77,"column":4},"end":{"line":77,"column":17}},"29":{"start":{"line":78,"column":24},"end":{"line":78,"column":143}},"30":{"start":{"line":79,"column":4},"end":{"line":79,"column":23}},"31":{"start":{"line":81,"column":27},"end":{"line":81,"column":156}},"32":{"start":{"line":82,"column":4},"end":{"line":82,"column":23}},"33":{"start":{"line":85,"column":2},"end":{"line":87,"column":3}},"34":{"start":{"line":86,"column":4},"end":{"line":86,"column":53}},"35":{"start":{"line":88,"column":2},"end":{"line":90,"column":3}},"36":{"start":{"line":89,"column":4},"end":{"line":89,"column":55}},"37":{"start":{"line":91,"column":2},"end":{"line":93,"column":3}},"38":{"start":{"line":92,"column":4},"end":{"line":92,"column":49}},"39":{"start":{"line":111,"column":2},"end":{"line":111,"column":15}},"40":{"start":{"line":117,"column":2},"end":{"line":130,"column":3}},"41":{"start":{"line":118,"column":4},"end":{"line":118,"column":22}},"42":{"start":{"line":120,"column":4},"end":{"line":129,"column":6}},"43":{"start":{"line":132,"column":2},"end":{"line":137,"column":3}},"44":{"start":{"line":133,"column":4},"end":{"line":133,"column":30}},"45":{"start":{"line":134,"column":4},"end":{"line":136,"column":7}},"46":{"start":{"line":135,"column":6},"end":{"line":135,"column":116}},"47":{"start":{"line":139,"column":2},"end":{"line":139,"column":20}},"48":{"start":{"line":143,"column":2},"end":{"line":147,"column":3}},"49":{"start":{"line":144,"column":4},"end":{"line":144,"column":29}},"50":{"start":{"line":146,"column":4},"end":{"line":146,"column":48}},"51":{"start":{"line":149,"column":2},"end":{"line":188,"column":3}},"52":{"start":{"line":150,"column":4},"end":{"line":187,"column":5}},"53":{"start":{"line":151,"column":6},"end":{"line":184,"column":7}},"54":{"start":{"line":152,"column":8},"end":{"line":166,"column":null}},"55":{"start":{"line":168,"column":8},"end":{"line":182,"column":null}},"56":{"start":{"line":186,"column":6},"end":{"line":186,"column":null}},"57":{"start":{"line":190,"column":2},"end":{"line":190,"column":17}}},"fnMap":{"0":{"name":"buildBanner","decl":{"start":{"line":47,"column":16},"end":{"line":47,"column":27}},"loc":{"start":{"line":47,"column":96},"end":{"line":112,"column":1}}},"1":{"name":"(anonymous_1)","decl":{"start":{"line":72,"column":22},"end":{"line":72,"column":23}},"loc":{"start":{"line":72,"column":39},"end":{"line":74,"column":5}}},"2":{"name":"normalizeData","decl":{"start":{"line":114,"column":9},"end":{"line":114,"column":22}},"loc":{"start":{"line":114,"column":45},"end":{"line":140,"column":1}}},"3":{"name":"(anonymous_3)","decl":{"start":{"line":134,"column":68},"end":{"line":134,"column":69}},"loc":{"start":{"line":134,"column":84},"end":{"line":136,"column":5}}},"4":{"name":"normalizeOptions","decl":{"start":{"line":142,"column":9},"end":{"line":142,"column":25}},"loc":{"start":{"line":142,"column":53},"end":{"line":191,"column":1}}}},"branchMap":{"0":{"loc":{"start":{"line":53,"column":27},"end":{"line":53,"column":53}},"type":"binary-expr","locations":[{"start":{"line":53,"column":27},"end":{"line":53,"column":47}},{"start":{"line":53,"column":51},"end":{"line":53,"column":53}}]},"1":{"loc":{"start":{"line":55,"column":25},"end":{"line":55,"column":46}},"type":"binary-expr","locations":[{"start":{"line":55,"column":25},"end":{"line":55,"column":39}},{"start":{"line":55,"column":43},"end":{"line":55,"column":46}}]},"2":{"loc":{"start":{"line":55,"column":25},"end":{"line":55,"column":39}},"type":"cond-expr","locations":[{"start":{"line":55,"column":30},"end":{"line":55,"column":32}},{"start":{"line":55,"column":25},"end":{"line":55,"column":39}}]},"3":{"loc":{"start":{"line":55,"column":25},"end":{"line":55,"column":32}},"type":"binary-expr","locations":[{"start":{"line":55,"column":25},"end":{"line":55,"column":32}},{"start":{"line":55,"column":25},"end":{"line":55,"column":32}}]},"4":{"loc":{"start":{"line":57,"column":2},"end":{"line":70,"column":3}},"type":"if","locations":[{"start":{"line":57,"column":2},"end":{"line":70,"column":3}},{"start":{"line":63,"column":9},"end":{"line":70,"column":3}}]},"5":{"loc":{"start":{"line":71,"column":2},"end":{"line":83,"column":3}},"type":"if","locations":[{"start":{"line":71,"column":2},"end":{"line":83,"column":3}}]},"6":{"loc":{"start":{"line":85,"column":2},"end":{"line":87,"column":3}},"type":"if","locations":[{"start":{"line":85,"column":2},"end":{"line":87,"column":3}}]},"7":{"loc":{"start":{"line":88,"column":2},"end":{"line":90,"column":3}},"type":"if","locations":[{"start":{"line":88,"column":2},"end":{"line":90,"column":3}}]},"8":{"loc":{"start":{"line":91,"column":2},"end":{"line":93,"column":3}},"type":"if","locations":[{"start":{"line":91,"column":2},"end":{"line":93,"column":3}}]},"9":{"loc":{"start":{"line":117,"column":2},"end":{"line":130,"column":3}},"type":"if","locations":[{"start":{"line":117,"column":2},"end":{"line":130,"column":3}},{"start":{"line":119,"column":9},"end":{"line":130,"column":3}}]},"10":{"loc":{"start":{"line":126,"column":18},"end":{"line":126,"column":65}},"type":"binary-expr","locations":[{"start":{"line":126,"column":18},"end":{"line":126,"column":43}},{"start":{"line":126,"column":47},"end":{"line":126,"column":65}}]},"11":{"loc":{"start":{"line":127,"column":12},"end":{"line":127,"column":47}},"type":"binary-expr","locations":[{"start":{"line":127,"column":12},"end":{"line":127,"column":31}},{"start":{"line":127,"column":35},"end":{"line":127,"column":47}}]},"12":{"loc":{"start":{"line":128,"column":16},"end":{"line":128,"column":59}},"type":"binary-expr","locations":[{"start":{"line":128,"column":16},"end":{"line":128,"column":39}},{"start":{"line":128,"column":43},"end":{"line":128,"column":59}}]},"13":{"loc":{"start":{"line":132,"column":2},"end":{"line":137,"column":3}},"type":"if","locations":[{"start":{"line":132,"column":2},"end":{"line":137,"column":3}}]},"14":{"loc":{"start":{"line":143,"column":2},"end":{"line":147,"column":3}},"type":"if","locations":[{"start":{"line":143,"column":2},"end":{"line":147,"column":3}},{"start":{"line":145,"column":9},"end":{"line":147,"column":3}}]},"15":{"loc":{"start":{"line":149,"column":2},"end":{"line":188,"column":3}},"type":"if","locations":[{"start":{"line":149,"column":2},"end":{"line":188,"column":3}}]},"16":{"loc":{"start":{"line":150,"column":4},"end":{"line":187,"column":5}},"type":"if","locations":[{"start":{"line":150,"column":4},"end":{"line":187,"column":5}},{"start":{"line":185,"column":11},"end":{"line":187,"column":5}}]},"17":{"loc":{"start":{"line":151,"column":6},"end":{"line":184,"column":7}},"type":"if","locations":[{"start":{"line":151,"column":6},"end":{"line":184,"column":7}},{"start":{"line":167,"column":13},"end":{"line":184,"column":7}}]}},"s":{"0":9,"1":9,"2":9,"3":9,"4":132,"5":132,"6":132,"7":132,"8":132,"9":132,"10":132,"11":132,"12":132,"13":88,"14":88,"15":88,"16":88,"17":88,"18":44,"19":44,"20":44,"21":44,"22":44,"23":44,"24":132,"25":6,"26":32,"27":6,"28":6,"29":6,"30":6,"31":6,"32":6,"33":132,"34":3,"35":132,"36":3,"37":132,"38":3,"39":132,"40":132,"41":132,"42":0,"43":132,"44":12,"45":12,"46":48,"47":132,"48":132,"49":2,"50":130,"51":132,"52":131,"53":6,"54":4,"55":2,"56":125,"57":132},"f":{"0":132,"1":32,"2":132,"3":48,"4":132},"b":{"0":[132,0],"1":[132,126],"2":[126,6],"3":[132,132],"4":[88,44],"5":[6],"6":[3],"7":[3],"8":[3],"9":[132,0],"10":[0,0],"11":[0,0],"12":[0,0],"13":[12],"14":[2,130],"15":[131],"16":[6,125],"17":[4,2]}}
,"P:\\vscode\\ac-banner\\src\\font\\alphabet.ts": {"path":"P:\\vscode\\ac-banner\\src\\font\\alphabet.ts","statementMap":{"0":{"start":{"line":17,"column":0},"end":{"line":17,"column":16}},"1":{"start":{"line":18,"column":4},"end":{"line":25,"column":null}}},"fnMap":{"0":{"name":"alphabet","decl":{"start":{"line":17,"column":16},"end":{"line":17,"column":24}},"loc":{"start":{"line":17,"column":24},"end":{"line":26,"column":1}}}},"branchMap":{},"s":{"0":9,"1":44},"f":{"0":44},"b":{}}
,"P:\\vscode\\ac-banner\\src\\font\\ansiWithShadow.ts": {"path":"P:\\vscode\\ac-banner\\src\\font\\ansiWithShadow.ts","statementMap":{"0":{"start":{"line":17,"column":0},"end":{"line":17,"column":16}},"1":{"start":{"line":18,"column":4},"end":{"line":26,"column":2}}},"fnMap":{"0":{"name":"ansiWithShadow","decl":{"start":{"line":17,"column":16},"end":{"line":17,"column":30}},"loc":{"start":{"line":17,"column":30},"end":{"line":27,"column":1}}}},"branchMap":{},"s":{"0":9,"1":44},"f":{"0":44},"b":{}}
,"P:\\vscode\\ac-banner\\src\\font\\bar.ts": {"path":"P:\\vscode\\ac-banner\\src\\font\\bar.ts","statementMap":{"0":{"start":{"line":17,"column":0},"end":{"line":17,"column":16}},"1":{"start":{"line":18,"column":4},"end":{"line":25,"column":null}}},"fnMap":{"0":{"name":"bar","decl":{"start":{"line":17,"column":16},"end":{"line":17,"column":19}},"loc":{"start":{"line":17,"column":19},"end":{"line":26,"column":1}}}},"branchMap":{},"s":{"0":9,"1":44},"f":{"0":44},"b":{}}
,"P:\\vscode\\ac-banner\\tests\\data.ts": {"path":"P:\\vscode\\ac-banner\\tests\\data.ts","statementMap":{"0":{"start":{"line":17,"column":0},"end":{"line":17,"column":37}},"1":{"start":{"line":19,"column":13},"end":{"line":19,"column":58}},"2":{"start":{"line":20,"column":0},"end":{"line":20,"column":38}},"3":{"start":{"line":21,"column":0},"end":{"line":21,"column":30}},"4":{"start":{"line":22,"column":0},"end":{"line":22,"column":40}},"5":{"start":{"line":23,"column":0},"end":{"line":23,"column":45}},"6":{"start":{"line":26,"column":13},"end":{"line":26,"column":65}},"7":{"start":{"line":27,"column":0},"end":{"line":27,"column":45}},"8":{"start":{"line":28,"column":0},"end":{"line":28,"column":37}},"9":{"start":{"line":29,"column":0},"end":{"line":29,"column":47}},"10":{"start":{"line":30,"column":0},"end":{"line":30,"column":52}},"11":{"start":{"line":31,"column":0},"end":{"line":31,"column":71}},"12":{"start":{"line":32,"column":0},"end":{"line":32,"column":72}},"13":{"start":{"line":33,"column":0},"end":{"line":33,"column":69}}},"fnMap":{},"branchMap":{},"s":{"0":9,"1":9,"2":9,"3":9,"4":9,"5":9,"6":9,"7":9,"8":9,"9":9,"10":9,"11":9,"12":9,"13":9},"f":{},"b":{}}
}
