TN:
SF:src\buildTitle.ts
FN:47,buildTitle
FN:75,(anonymous_1)
FN:83,(anonymous_2)
FN:87,(anonymous_3)
FN:94,(anonymous_4)
FN:95,(anonymous_5)
FN:104,getFont
FN:120,buildFont
FN:126,(anonymous_8)
FN:135,(anonymous_9)
FN:138,(anonymous_10)
FNF:11
FNH:11
FNDA:135,buildTitle
FNDA:1472,(anonymous_1)
FNDA:32,(anonymous_2)
FNDA:32,(anonymous_3)
FNDA:32,(anonymous_4)
FNDA:1810,(anonymous_5)
FNDA:135,getFont
FNDA:135,buildFont
FNDA:5400,(anonymous_8)
FNDA:720,(anonymous_9)
FNDA:27360,(anonymous_10)
DA:17,10
DA:18,10
DA:19,10
DA:20,10
DA:47,10
DA:48,135
DA:49,135
DA:50,135
DA:52,135
DA:54,135
DA:55,276
DA:56,276
DA:57,276
DA:59,276
DA:60,30
DA:61,3
DA:62,27
DA:63,6
DA:66,30
DA:68,30
DA:69,30
DA:71,30
DA:72,30
DA:75,276
DA:76,1472
DA:81,135
DA:82,6
DA:83,6
DA:84,32
DA:87,6
DA:88,32
DA:93,135
DA:94,6
DA:95,32
DA:96,1810
DA:101,135
DA:107,135
DA:108,45
DA:109,90
DA:110,45
DA:111,45
DA:112,45
DA:114,0
DA:117,135
DA:121,135
DA:122,135
DA:123,135
DA:124,135
DA:126,135
DA:127,5400
DA:128,5400
DA:129,5130
DA:130,5130
DA:133,135
DA:135,135
DA:136,720
DA:137,720
DA:138,720
DA:139,27360
DA:140,27360
DA:144,135
DA:145,135
LF:62
LH:61
BRDA:47,0,0,0
BRDA:49,1,0,3
BRDA:49,1,1,132
BRDA:52,2,0,3
BRDA:52,2,1,132
BRDA:55,3,0,276
BRDA:55,3,1,0
BRDA:59,4,0,30
BRDA:60,5,0,3
BRDA:60,5,1,27
BRDA:62,6,0,6
BRDA:81,7,0,6
BRDA:93,8,0,6
BRDA:93,9,0,135
BRDA:93,9,1,135
BRDA:96,10,0,1202
BRDA:96,10,1,608
BRDA:107,11,0,45
BRDA:107,11,1,90
BRDA:109,12,0,45
BRDA:109,12,1,45
BRDA:111,13,0,45
BRDA:111,13,1,0
BRDA:128,14,0,5130
BRF:24
BRH:21
end_of_record
TN:
SF:src\index.ts
FN:47,buildBanner
FN:63,(anonymous_1)
FN:69,(anonymous_2)
FN:95,normalizeData
FN:115,(anonymous_4)
FN:123,normalizeOptions
FNF:6
FNH:6
FNDA:135,buildBanner
FNDA:51,(anonymous_1)
FNDA:32,(anonymous_2)
FNDA:135,normalizeData
FNDA:52,(anonymous_4)
FNDA:135,normalizeOptions
DA:17,10
DA:19,10
DA:30,10
DA:47,10
DA:48,135
DA:49,135
DA:50,135
DA:51,135
DA:52,135
DA:53,135
DA:54,135
DA:55,135
DA:57,135
DA:58,135
DA:59,135
DA:60,135
DA:61,135
DA:63,135
DA:64,51
DA:68,135
DA:69,6
DA:70,32
DA:73,6
DA:74,6
DA:75,6
DA:76,6
DA:78,6
DA:79,6
DA:82,135
DA:83,3
DA:85,135
DA:86,3
DA:88,135
DA:89,3
DA:92,135
DA:98,135
DA:99,135
DA:101,0
DA:113,135
DA:114,13
DA:115,13
DA:116,52
DA:120,135
DA:124,135
DA:125,2
DA:127,133
DA:130,135
DA:131,134
DA:132,6
DA:133,4
DA:149,2
DA:167,128
DA:171,135
LF:53
LH:52
BRDA:53,0,0,135
BRDA:53,0,1,0
BRDA:55,1,0,135
BRDA:55,1,1,129
BRDA:55,2,0,129
BRDA:55,2,1,6
BRDA:55,3,0,135
BRDA:55,3,1,135
BRDA:68,4,0,6
BRDA:82,5,0,3
BRDA:85,6,0,3
BRDA:88,7,0,3
BRDA:98,8,0,135
BRDA:98,8,1,0
BRDA:107,9,0,0
BRDA:107,9,1,0
BRDA:108,10,0,0
BRDA:108,10,1,0
BRDA:109,11,0,0
BRDA:109,11,1,0
BRDA:113,12,0,13
BRDA:124,13,0,2
BRDA:124,13,1,133
BRDA:130,14,0,134
BRDA:131,15,0,6
BRDA:131,15,1,128
BRDA:132,16,0,4
BRDA:132,16,1,2
BRF:28
BRH:20
end_of_record
TN:
SF:src\font\alphabet.ts
FN:17,alphabet
FNF:1
FNH:1
FNDA:45,alphabet
DA:17,10
DA:18,45
LF:2
LH:2
BRF:0
BRH:0
end_of_record
TN:
SF:src\font\ansiWithShadow.ts
FN:17,ansiWithShadow
FNF:1
FNH:1
FNDA:45,ansiWithShadow
DA:17,10
DA:18,45
LF:2
LH:2
BRF:0
BRH:0
end_of_record
TN:
SF:src\font\bar.ts
FN:17,bar
FNF:1
FNH:1
FNDA:45,bar
DA:17,10
DA:18,45
LF:2
LH:2
BRF:0
BRH:0
end_of_record
TN:
SF:src\font\train.ts
FN:16,getComposition
FNF:1
FNH:1
FNDA:30,getComposition
DA:16,10
DA:17,30
DA:18,30
DA:19,30
DA:21,30
DA:22,9
DA:26,21
DA:27,6
DA:31,15
DA:32,6
DA:36,9
DA:37,6
DA:41,3
DA:42,3
DA:48,30
LF:15
LH:15
BRDA:21,0,0,9
BRDA:21,0,1,21
BRDA:26,1,0,6
BRDA:26,1,1,15
BRDA:31,2,0,6
BRDA:31,2,1,9
BRDA:36,3,0,6
BRDA:36,3,1,3
BRDA:41,4,0,3
BRF:9
BRH:9
end_of_record
TN:
SF:tests\data.ts
FNF:0
FNH:0
DA:17,10
DA:19,10
DA:20,10
DA:21,10
DA:22,10
DA:23,10
DA:26,10
DA:27,10
DA:28,10
DA:29,10
DA:30,10
DA:31,10
DA:32,10
DA:33,10
LF:14
LH:14
BRF:0
BRH:0
end_of_record
