TN:
SF:src\buildTitle.ts
FN:46,buildTitle
FN:54,(anonymous_1)
FN:61,(anonymous_2)
FN:65,(anonymous_3)
FN:72,(anonymous_4)
FN:73,(anonymous_5)
FN:82,getFont
FN:98,buildFont
FN:104,(anonymous_8)
FN:113,(anonymous_9)
FN:116,(anonymous_10)
FNF:11
FNH:11
FNDA:132,buildTitle
FNDA:1312,(anonymous_1)
FNDA:32,(anonymous_2)
FNDA:32,(anonymous_3)
FNDA:32,(anonymous_4)
FNDA:1810,(anonymous_5)
FNDA:132,getFont
FNDA:132,buildFont
FNDA:5280,(anonymous_8)
FNDA:704,(anonymous_9)
FNDA:26752,(anonymous_10)
DA:17,9
DA:18,9
DA:19,9
DA:46,9
DA:47,132
DA:48,132
DA:49,132
DA:51,132
DA:52,246
DA:54,246
DA:55,1312
DA:59,132
DA:60,6
DA:61,6
DA:62,32
DA:65,6
DA:66,32
DA:71,132
DA:72,6
DA:73,32
DA:74,1810
DA:79,132
DA:85,132
DA:86,44
DA:87,88
DA:88,44
DA:89,44
DA:90,44
DA:92,0
DA:95,132
DA:99,132
DA:100,132
DA:101,132
DA:102,132
DA:104,132
DA:105,5280
DA:106,5280
DA:107,5016
DA:108,5016
DA:111,132
DA:113,132
DA:114,704
DA:115,704
DA:116,704
DA:117,26752
DA:118,26752
DA:122,132
DA:123,132
LF:48
LH:47
BRDA:46,0,0,0
BRDA:52,1,0,246
BRDA:52,1,1,0
BRDA:59,2,0,6
BRDA:71,3,0,6
BRDA:71,4,0,132
BRDA:71,4,1,132
BRDA:74,5,0,1202
BRDA:74,5,1,608
BRDA:85,6,0,44
BRDA:85,6,1,88
BRDA:87,7,0,44
BRDA:87,7,1,44
BRDA:89,8,0,44
BRDA:89,8,1,0
BRDA:106,9,0,5016
BRF:16
BRH:13
end_of_record
TN:
SF:src\index.ts
FN:47,buildBanner
FN:72,(anonymous_1)
FN:114,normalizeData
FN:134,(anonymous_3)
FN:142,normalizeOptions
FNF:5
FNH:5
FNDA:132,buildBanner
FNDA:32,(anonymous_1)
FNDA:132,normalizeData
FNDA:48,(anonymous_3)
FNDA:132,normalizeOptions
DA:17,9
DA:19,9
DA:30,9
DA:47,9
DA:48,132
DA:49,132
DA:50,132
DA:51,132
DA:52,132
DA:53,132
DA:54,132
DA:55,132
DA:57,132
DA:58,88
DA:59,88
DA:60,88
DA:61,88
DA:62,88
DA:64,44
DA:65,44
DA:66,44
DA:67,44
DA:68,44
DA:69,44
DA:71,132
DA:72,6
DA:73,32
DA:76,6
DA:77,6
DA:78,6
DA:79,6
DA:81,6
DA:82,6
DA:85,132
DA:86,3
DA:88,132
DA:89,3
DA:91,132
DA:92,3
DA:111,132
DA:117,132
DA:118,132
DA:120,0
DA:132,132
DA:133,12
DA:134,12
DA:135,48
DA:139,132
DA:143,132
DA:144,2
DA:146,130
DA:149,132
DA:150,131
DA:151,6
DA:152,4
DA:168,2
DA:186,125
DA:190,132
LF:58
LH:57
BRDA:53,0,0,132
BRDA:53,0,1,0
BRDA:55,1,0,132
BRDA:55,1,1,126
BRDA:55,2,0,126
BRDA:55,2,1,6
BRDA:55,3,0,132
BRDA:55,3,1,132
BRDA:57,4,0,88
BRDA:57,4,1,44
BRDA:71,5,0,6
BRDA:85,6,0,3
BRDA:88,7,0,3
BRDA:91,8,0,3
BRDA:117,9,0,132
BRDA:117,9,1,0
BRDA:126,10,0,0
BRDA:126,10,1,0
BRDA:127,11,0,0
BRDA:127,11,1,0
BRDA:128,12,0,0
BRDA:128,12,1,0
BRDA:132,13,0,12
BRDA:143,14,0,2
BRDA:143,14,1,130
BRDA:149,15,0,131
BRDA:150,16,0,6
BRDA:150,16,1,125
BRDA:151,17,0,4
BRDA:151,17,1,2
BRF:30
BRH:22
end_of_record
TN:
SF:src\font\alphabet.ts
FN:17,alphabet
FNF:1
FNH:1
FNDA:44,alphabet
DA:17,9
DA:18,44
LF:2
LH:2
BRF:0
BRH:0
end_of_record
TN:
SF:src\font\ansiWithShadow.ts
FN:17,ansiWithShadow
FNF:1
FNH:1
FNDA:44,ansiWithShadow
DA:17,9
DA:18,44
LF:2
LH:2
BRF:0
BRH:0
end_of_record
TN:
SF:src\font\bar.ts
FN:17,bar
FNF:1
FNH:1
FNDA:44,bar
DA:17,9
DA:18,44
LF:2
LH:2
BRF:0
BRH:0
end_of_record
TN:
SF:tests\data.ts
FNF:0
FNH:0
DA:17,9
DA:19,9
DA:20,9
DA:21,9
DA:22,9
DA:23,9
DA:26,9
DA:27,9
DA:28,9
DA:29,9
DA:30,9
DA:31,9
DA:32,9
DA:33,9
LF:14
LH:14
BRF:0
BRH:0
end_of_record
